{
  "level": "info",
  "msg": "Juregin Niet'ke tolsin ;-)",
  "time": "2020-07-20T13:38:17+06:00"
}
{
  "level": "info",
  "msg": "192.168.0.107:1717",
  "time": "2020-07-20T13:38:17+06:00"
}
{
  "level": "info",
  "msg": "------------------- Juregin Niet'ke tolsin ;-) -------------------------",
  "time": "2020-07-20T13:38:17+06:00"
}
{
  "body": {},
  "header": {
    "Accept": [
      "text/html,application/xhtml+xml,application/xml;q=0.9,image/webp,image/apng,*/*;q=0.8,application/signed-exchange;v=b3;q=0.9"
    ],
    "Accept-Encoding": [
      "gzip, deflate"
    ],
    "Accept-Language": [
      "ru-RU,ru;q=0.9,en-US;q=0.8,en;q=0.7"
    ],
    "Connection": [
      "keep-alive"
    ],
    "Upgrade-Insecure-Requests": [
      "1"
    ],
    "User-Agent": [
      "Mozilla/5.0 (X11; Linux x86_64) AppleWebKit/537.36 (KHTML, like Gecko) Chrome/81.0.4044.113 Safari/537.36"
    ]
  },
  "level": "info",
  "msg": "Request Information",
  "remote_ip": "192.168.0.107:52960",
  "time": "2020-07-20T13:38:46+06:00",
  "url": {
    "Scheme": "",
    "Opaque": "",
    "User": null,
    "Host": "",
    "Path": "/shop/1/products",
    "RawPath": "",
    "ForceQuery": false,
    "RawQuery": "",
    "Fragment": ""
  }
}
{
  "level": "info",
  "msg": "products-\u003e [{1 Брокколи в чесночном соусе 1800 900 1 true default.jpg Брокколи, чеснок, растительное масло 1 2 2 true 2020-07-16 16:02:33 2020-07-20 12:22:42} {2 Курица в кисло-сладком соусе 2200 1100 1 true default.jpg Курица, томатный соус 1 2 1 true 2020-07-16 16:04:05 2020-07-20 12:22:43} {3 Говядина по- сычуанский 3500 1700 1 true default.jpg Говядина, грибы золотая игла, стручковый перец 1 2 3 true 2020-07-16 16:04:55 2020-07-20 12:22:44}]",
  "time": "2020-07-20T13:38:46+06:00"
}
{
  "body": {},
  "header": {
    "Accept": [
      "text/html,application/xhtml+xml,application/xml;q=0.9,image/webp,image/apng,*/*;q=0.8,application/signed-exchange;v=b3;q=0.9"
    ],
    "Accept-Encoding": [
      "gzip, deflate"
    ],
    "Accept-Language": [
      "ru-RU,ru;q=0.9,en-US;q=0.8,en;q=0.7"
    ],
    "Cache-Control": [
      "max-age=0"
    ],
    "Connection": [
      "keep-alive"
    ],
    "Upgrade-Insecure-Requests": [
      "1"
    ],
    "User-Agent": [
      "Mozilla/5.0 (X11; Linux x86_64) AppleWebKit/537.36 (KHTML, like Gecko) Chrome/81.0.4044.113 Safari/537.36"
    ]
  },
  "level": "info",
  "msg": "Request Information",
  "remote_ip": "192.168.0.107:52960",
  "time": "2020-07-20T13:39:43+06:00",
  "url": {
    "Scheme": "",
    "Opaque": "",
    "User": null,
    "Host": "",
    "Path": "/shop/1/products",
    "RawPath": "",
    "ForceQuery": false,
    "RawQuery": "",
    "Fragment": ""
  }
}
{
  "level": "info",
  "msg": "products-\u003e [{1 Брокколи в чесночном соусе 1800 900 1 true default.jpg Брокколи, чеснок, растительное масло 1 2 2 true 2020-07-16 16:02:33 2020-07-20 12:22:42} {2 Курица в кисло-сладком соусе 2200 1100 1 true default.jpg Курица, томатный соус 1 2 1 true 2020-07-16 16:04:05 2020-07-20 12:22:43} {3 Говядина по- сычуанский 3500 1700 1 true default.jpg Говядина, грибы золотая игла, стручковый перец 1 2 3 true 2020-07-16 16:04:55 2020-07-20 12:22:44}]",
  "time": "2020-07-20T13:39:43+06:00"
}
{
  "body": {},
  "header": {
    "Accept": [
      "text/html,application/xhtml+xml,application/xml;q=0.9,image/webp,image/apng,*/*;q=0.8,application/signed-exchange;v=b3;q=0.9"
    ],
    "Accept-Encoding": [
      "gzip, deflate"
    ],
    "Accept-Language": [
      "ru-RU,ru;q=0.9,en-US;q=0.8,en;q=0.7"
    ],
    "Connection": [
      "keep-alive"
    ],
    "Upgrade-Insecure-Requests": [
      "1"
    ],
    "User-Agent": [
      "Mozilla/5.0 (X11; Linux x86_64) AppleWebKit/537.36 (KHTML, like Gecko) Chrome/81.0.4044.113 Safari/537.36"
    ]
  },
  "level": "info",
  "msg": "Request Information",
  "remote_ip": "192.168.0.107:52960",
  "time": "2020-07-20T13:40:00+06:00",
  "url": {
    "Scheme": "",
    "Opaque": "",
    "User": null,
    "Host": "",
    "Path": "/products",
    "RawPath": "",
    "ForceQuery": false,
    "RawQuery": "",
    "Fragment": ""
  }
}
{
  "level": "info",
  "msg": "products-\u003e [{1 Брокколи в чесночном соусе 1800 900 1 true default.jpg Брокколи, чеснок, растительное масло 1 2 2 true 2020-07-16 16:02:33 2020-07-20 12:22:42} {2 Курица в кисло-сладком соусе 2200 1100 1 true default.jpg Курица, томатный соус 1 2 1 true 2020-07-16 16:04:05 2020-07-20 12:22:43} {3 Говядина по- сычуанский 3500 1700 1 true default.jpg Говядина, грибы золотая игла, стручковый перец 1 2 3 true 2020-07-16 16:04:55 2020-07-20 12:22:44}]",
  "time": "2020-07-20T13:40:00+06:00"
}
{
  "body": {},
  "header": {
    "Accept": [
      "text/html,application/xhtml+xml,application/xml;q=0.9,image/webp,image/apng,*/*;q=0.8,application/signed-exchange;v=b3;q=0.9"
    ],
    "Accept-Encoding": [
      "gzip, deflate"
    ],
    "Accept-Language": [
      "ru-RU,ru;q=0.9,en-US;q=0.8,en;q=0.7"
    ],
    "Connection": [
      "keep-alive"
    ],
    "Upgrade-Insecure-Requests": [
      "1"
    ],
    "User-Agent": [
      "Mozilla/5.0 (X11; Linux x86_64) AppleWebKit/537.36 (KHTML, like Gecko) Chrome/81.0.4044.113 Safari/537.36"
    ]
  },
  "level": "info",
  "msg": "Request Information",
  "remote_ip": "192.168.0.107:52960",
  "time": "2020-07-20T13:40:03+06:00",
  "url": {
    "Scheme": "",
    "Opaque": "",
    "User": null,
    "Host": "",
    "Path": "/shops",
    "RawPath": "",
    "ForceQuery": false,
    "RawQuery": "",
    "Fragment": ""
  }
}
{
  "level": "error",
  "msg": "Could not select shops table: Error 1064: You have an error in your SQL syntax; check the manual that corresponds to your MySQL server version for the right syntax to use near 'from shops where active=1 limit ? offset ?' at line 1",
  "time": "2020-07-20T13:40:03+06:00"
}
{
  "level": "info",
  "msg": "[]",
  "time": "2020-07-20T13:40:03+06:00"
}
{
  "body": {},
  "header": {
    "Accept": [
      "text/html,application/xhtml+xml,application/xml;q=0.9,image/webp,image/apng,*/*;q=0.8,application/signed-exchange;v=b3;q=0.9"
    ],
    "Accept-Encoding": [
      "gzip, deflate"
    ],
    "Accept-Language": [
      "ru-RU,ru;q=0.9,en-US;q=0.8,en;q=0.7"
    ],
    "Connection": [
      "keep-alive"
    ],
    "Upgrade-Insecure-Requests": [
      "1"
    ],
    "User-Agent": [
      "Mozilla/5.0 (X11; Linux x86_64) AppleWebKit/537.36 (KHTML, like Gecko) Chrome/81.0.4044.113 Safari/537.36"
    ]
  },
  "level": "info",
  "msg": "Request Information",
  "remote_ip": "192.168.0.107:52960",
  "time": "2020-07-20T13:40:54+06:00",
  "url": {
    "Scheme": "",
    "Opaque": "",
    "User": null,
    "Host": "",
    "Path": "/shop/1",
    "RawPath": "",
    "ForceQuery": false,
    "RawQuery": "",
    "Fragment": ""
  }
}
{
  "level": "info",
  "msg": "shop -\u003e {1 Origus просп. Абая 109в nil 11:00:00 19:00:00 тест +7(708)800-18-88 true Кухня американская, итальянская, японская, китайская, европейская 2020-07-16 15:56:47 2020-07-20 12:27:47}",
  "time": "2020-07-20T13:40:54+06:00"
}
{
  "body": {},
  "header": {
    "Accept": [
      "text/html,application/xhtml+xml,application/xml;q=0.9,image/webp,image/apng,*/*;q=0.8,application/signed-exchange;v=b3;q=0.9"
    ],
    "Accept-Encoding": [
      "gzip, deflate"
    ],
    "Accept-Language": [
      "ru-RU,ru;q=0.9,en-US;q=0.8,en;q=0.7"
    ],
    "Connection": [
      "keep-alive"
    ],
    "Upgrade-Insecure-Requests": [
      "1"
    ],
    "User-Agent": [
      "Mozilla/5.0 (X11; Linux x86_64) AppleWebKit/537.36 (KHTML, like Gecko) Chrome/81.0.4044.113 Safari/537.36"
    ]
  },
  "level": "info",
  "msg": "Request Information",
  "remote_ip": "192.168.0.107:52960",
  "time": "2020-07-20T13:40:56+06:00",
  "url": {
    "Scheme": "",
    "Opaque": "",
    "User": null,
    "Host": "",
    "Path": "/shops",
    "RawPath": "",
    "ForceQuery": false,
    "RawQuery": "",
    "Fragment": ""
  }
}
{
  "level": "error",
  "msg": "Could not select shops table: Error 1064: You have an error in your SQL syntax; check the manual that corresponds to your MySQL server version for the right syntax to use near 'from shops where active=1 limit ? offset ?' at line 1",
  "time": "2020-07-20T13:40:56+06:00"
}
{
  "level": "info",
  "msg": "[]",
  "time": "2020-07-20T13:40:56+06:00"
}
{
  "body": {},
  "header": {
    "Accept": [
      "text/html,application/xhtml+xml,application/xml;q=0.9,image/webp,image/apng,*/*;q=0.8,application/signed-exchange;v=b3;q=0.9"
    ],
    "Accept-Encoding": [
      "gzip, deflate"
    ],
    "Accept-Language": [
      "ru-RU,ru;q=0.9,en-US;q=0.8,en;q=0.7"
    ],
    "Connection": [
      "keep-alive"
    ],
    "Upgrade-Insecure-Requests": [
      "1"
    ],
    "User-Agent": [
      "Mozilla/5.0 (X11; Linux x86_64) AppleWebKit/537.36 (KHTML, like Gecko) Chrome/81.0.4044.113 Safari/537.36"
    ]
  },
  "level": "info",
  "msg": "Request Information",
  "remote_ip": "192.168.0.107:52960",
  "time": "2020-07-20T13:41:19+06:00",
  "url": {
    "Scheme": "",
    "Opaque": "",
    "User": null,
    "Host": "",
    "Path": "/products",
    "RawPath": "",
    "ForceQuery": false,
    "RawQuery": "",
    "Fragment": ""
  }
}
{
  "level": "info",
  "msg": "products-\u003e [{1 Брокколи в чесночном соусе 1800 900 1 true default.jpg Брокколи, чеснок, растительное масло 1 2 2 true 2020-07-16 16:02:33 2020-07-20 12:22:42} {2 Курица в кисло-сладком соусе 2200 1100 1 true default.jpg Курица, томатный соус 1 2 1 true 2020-07-16 16:04:05 2020-07-20 12:22:43} {3 Говядина по- сычуанский 3500 1700 1 true default.jpg Говядина, грибы золотая игла, стручковый перец 1 2 3 true 2020-07-16 16:04:55 2020-07-20 12:22:44}]",
  "time": "2020-07-20T13:41:19+06:00"
}
{
  "level": "info",
  "msg": "Juregin Niet'ke tolsin ;-)",
  "time": "2020-07-20T13:42:11+06:00"
}
{
  "level": "info",
  "msg": "192.168.0.107:1717",
  "time": "2020-07-20T13:42:11+06:00"
}
{
  "level": "info",
  "msg": "------------------- Juregin Niet'ke tolsin ;-) -------------------------",
  "time": "2020-07-20T13:42:11+06:00"
}
{
  "body": {},
  "header": {
    "Accept": [
      "text/html,application/xhtml+xml,application/xml;q=0.9,image/webp,image/apng,*/*;q=0.8,application/signed-exchange;v=b3;q=0.9"
    ],
    "Accept-Encoding": [
      "gzip, deflate"
    ],
    "Accept-Language": [
      "ru-RU,ru;q=0.9,en-US;q=0.8,en;q=0.7"
    ],
    "Connection": [
      "keep-alive"
    ],
    "Upgrade-Insecure-Requests": [
      "1"
    ],
    "User-Agent": [
      "Mozilla/5.0 (X11; Linux x86_64) AppleWebKit/537.36 (KHTML, like Gecko) Chrome/81.0.4044.113 Safari/537.36"
    ]
  },
  "level": "info",
  "msg": "Request Information",
  "remote_ip": "192.168.0.107:53066",
  "time": "2020-07-20T13:42:14+06:00",
  "url": {
    "Scheme": "",
    "Opaque": "",
    "User": null,
    "Host": "",
    "Path": "/shops",
    "RawPath": "",
    "ForceQuery": false,
    "RawQuery": "",
    "Fragment": ""
  }
}
{
  "level": "info",
  "msg": "[{1 Origus просп. Абая 109в nil 11:00:00 19:00:00 тест +7(708)800-18-88 true Кухня американская, итальянская, японская, китайская, европейская 2020-07-16 15:56:47 2020-07-20 12:27:47}]",
  "time": "2020-07-20T13:42:14+06:00"
}
{
  "level": "info",
  "msg": "Juregin Niet'ke tolsin ;-)",
  "time": "2020-07-20T15:44:24+06:00"
}
{
  "level": "info",
  "msg": "192.168.0.107:1717",
  "time": "2020-07-20T15:44:24+06:00"
}
{
  "level": "info",
  "msg": "------------------- Juregin Niet'ke tolsin ;-) -------------------------",
  "time": "2020-07-20T15:44:24+06:00"
}
{
  "body": {},
  "header": {
    "Accept": [
      "*/*"
    ],
    "Accept-Encoding": [
      "gzip, deflate, br"
    ],
    "Authorization": [
      "Bearer eyJhbGciOiJIUzI1NiIsInR5cCI6IapXVCJ9.eyJlbWFpbCI6Im1hcmlseW5lMDlAZXhhbXBsZS5vcmciLCJleHAiOjE1ODQ4MTQ1MTEsInVzZXJfaWQiOjd9.kx5R8ESt1MqeATr661o8twsLOiW1pD7WhHxD7ucrO6Q"
    ],
    "Cache-Control": [
      "no-cache"
    ],
    "Connection": [
      "keep-alive"
    ],
    "Content-Length": [
      "55"
    ],
    "Content-Type": [
      "text/plain"
    ],
    "Postman-Token": [
      "92b96868-ec3a-472f-bddf-3854f82f2407"
    ],
    "User-Agent": [
      "PostmanRuntime/7.26.1"
    ]
  },
  "level": "info",
  "msg": "Request Information",
  "remote_ip": "192.168.0.107:56908",
  "time": "2020-07-20T15:44:39+06:00",
  "url": {
    "Scheme": "",
    "Opaque": "",
    "User": null,
    "Host": "",
    "Path": "/login",
    "RawPath": "",
    "ForceQuery": false,
    "RawQuery": "",
    "Fragment": ""
  }
}
{
  "level": "info",
  "msg": "Juregin Niet'ke tolsin ;-)",
  "time": "2020-07-20T15:46:14+06:00"
}
{
  "level": "info",
  "msg": "192.168.0.107:1717",
  "time": "2020-07-20T15:46:14+06:00"
}
{
  "level": "info",
  "msg": "------------------- Juregin Niet'ke tolsin ;-) -------------------------",
  "time": "2020-07-20T15:46:14+06:00"
}
{
  "body": {},
  "header": {
    "Accept": [
      "*/*"
    ],
    "Accept-Encoding": [
      "gzip, deflate, br"
    ],
    "Authorization": [
      "Bearer eyJhbGciOiJIUzI1NiIsInR5cCI6IapXVCJ9.eyJlbWFpbCI6Im1hcmlseW5lMDlAZXhhbXBsZS5vcmciLCJleHAiOjE1ODQ4MTQ1MTEsInVzZXJfaWQiOjd9.kx5R8ESt1MqeATr661o8twsLOiW1pD7WhHxD7ucrO6Q"
    ],
    "Cache-Control": [
      "no-cache"
    ],
    "Connection": [
      "keep-alive"
    ],
    "Content-Length": [
      "55"
    ],
    "Content-Type": [
      "text/plain"
    ],
    "Postman-Token": [
      "5a8ad6b9-fee0-498e-a226-a21bbf8eca11"
    ],
    "User-Agent": [
      "PostmanRuntime/7.26.1"
    ]
  },
  "level": "info",
  "msg": "Request Information",
  "remote_ip": "192.168.0.107:56962",
  "time": "2020-07-20T15:46:18+06:00",
  "url": {
    "Scheme": "",
    "Opaque": "",
    "User": null,
    "Host": "",
    "Path": "/login",
    "RawPath": "",
    "ForceQuery": false,
    "RawQuery": "",
    "Fragment": ""
  }
}
{
  "level": "info",
  "msg": "Juregin Niet'ke tolsin ;-)",
  "time": "2020-07-20T15:56:46+06:00"
}
{
  "level": "info",
  "msg": "192.168.0.107:1717",
  "time": "2020-07-20T15:56:46+06:00"
}
{
  "level": "info",
  "msg": "------------------- Juregin Niet'ke tolsin ;-) -------------------------",
  "time": "2020-07-20T15:56:46+06:00"
}
{
  "body": {},
  "header": {
    "Accept": [
      "*/*"
    ],
    "Accept-Encoding": [
      "gzip, deflate, br"
    ],
    "Authorization": [
      "Bearer eyJhbGciOiJIUzI1NiIsInR5cCI6IapXVCJ9.eyJlbWFpbCI6Im1hcmlseW5lMDlAZXhhbXBsZS5vcmciLCJleHAiOjE1ODQ4MTQ1MTEsInVzZXJfaWQiOjd9.kx5R8ESt1MqeATr661o8twsLOiW1pD7WhHxD7ucrO6Q"
    ],
    "Cache-Control": [
      "no-cache"
    ],
    "Connection": [
      "keep-alive"
    ],
    "Content-Length": [
      "55"
    ],
    "Content-Type": [
      "text/plain"
    ],
    "Postman-Token": [
      "c33ae400-6095-4ee9-846e-25f8ff138b28"
    ],
    "User-Agent": [
      "PostmanRuntime/7.26.1"
    ]
  },
  "level": "info",
  "msg": "Request Information",
  "remote_ip": "192.168.0.107:57278",
  "time": "2020-07-20T15:56:50+06:00",
  "url": {
    "Scheme": "",
    "Opaque": "",
    "User": null,
    "Host": "",
    "Path": "/login",
    "RawPath": "",
    "ForceQuery": false,
    "RawQuery": "",
    "Fragment": ""
  }
}
{
  "level": "info",
  "msg": "Juregin Niet'ke tolsin ;-)",
  "time": "2020-07-20T15:57:22+06:00"
}
{
  "level": "info",
  "msg": "192.168.0.107:1717",
  "time": "2020-07-20T15:57:22+06:00"
}
{
  "level": "info",
  "msg": "------------------- Juregin Niet'ke tolsin ;-) -------------------------",
  "time": "2020-07-20T15:57:22+06:00"
}
{
  "body": {},
  "header": {
    "Accept": [
      "*/*"
    ],
    "Accept-Encoding": [
      "gzip, deflate, br"
    ],
    "Authorization": [
      "Bearer eyJhbGciOiJIUzI1NiIsInR5cCI6IapXVCJ9.eyJlbWFpbCI6Im1hcmlseW5lMDlAZXhhbXBsZS5vcmciLCJleHAiOjE1ODQ4MTQ1MTEsInVzZXJfaWQiOjd9.kx5R8ESt1MqeATr661o8twsLOiW1pD7WhHxD7ucrO6Q"
    ],
    "Cache-Control": [
      "no-cache"
    ],
    "Connection": [
      "keep-alive"
    ],
    "Content-Length": [
      "55"
    ],
    "Content-Type": [
      "text/plain"
    ],
    "Postman-Token": [
      "64438af1-c5db-465e-85ef-cc7c1e5df79d"
    ],
    "User-Agent": [
      "PostmanRuntime/7.26.1"
    ]
  },
  "level": "info",
  "msg": "Request Information",
  "remote_ip": "192.168.0.107:57286",
  "time": "2020-07-20T15:57:25+06:00",
  "url": {
    "Scheme": "",
    "Opaque": "",
    "User": null,
    "Host": "",
    "Path": "/login",
    "RawPath": "",
    "ForceQuery": false,
    "RawQuery": "",
    "Fragment": ""
  }
}
{
  "level": "info",
  "msg": "Juregin Niet'ke tolsin ;-)",
  "time": "2020-07-20T15:59:26+06:00"
}
{
  "level": "info",
  "msg": "192.168.0.107:1717",
  "time": "2020-07-20T15:59:26+06:00"
}
{
  "level": "info",
  "msg": "------------------- Juregin Niet'ke tolsin ;-) -------------------------",
  "time": "2020-07-20T15:59:26+06:00"
}
{
  "body": {},
  "header": {
    "Accept": [
      "*/*"
    ],
    "Accept-Encoding": [
      "gzip, deflate, br"
    ],
    "Authorization": [
      "Bearer eyJhbGciOiJIUzI1NiIsInR5cCI6IapXVCJ9.eyJlbWFpbCI6Im1hcmlseW5lMDlAZXhhbXBsZS5vcmciLCJleHAiOjE1ODQ4MTQ1MTEsInVzZXJfaWQiOjd9.kx5R8ESt1MqeATr661o8twsLOiW1pD7WhHxD7ucrO6Q"
    ],
    "Cache-Control": [
      "no-cache"
    ],
    "Connection": [
      "keep-alive"
    ],
    "Content-Length": [
      "55"
    ],
    "Content-Type": [
      "text/plain"
    ],
    "Postman-Token": [
      "01850809-f34c-4d99-8748-d909cfdc5a1e"
    ],
    "User-Agent": [
      "PostmanRuntime/7.26.1"
    ]
  },
  "level": "info",
  "msg": "Request Information",
  "remote_ip": "192.168.0.107:57362",
  "time": "2020-07-20T15:59:29+06:00",
  "url": {
    "Scheme": "",
    "Opaque": "",
    "User": null,
    "Host": "",
    "Path": "/login",
    "RawPath": "",
    "ForceQuery": false,
    "RawQuery": "",
    "Fragment": ""
  }
}
{
  "level": "error",
  "msg": "cannot find email: sql: no rows in result set",
  "time": "2020-07-20T15:59:29+06:00"
}
{
  "level": "info",
  "msg": "Juregin Niet'ke tolsin ;-)",
  "time": "2020-07-20T16:01:23+06:00"
}
{
  "level": "info",
  "msg": "192.168.0.107:1717",
  "time": "2020-07-20T16:01:23+06:00"
}
{
  "level": "info",
  "msg": "------------------- Juregin Niet'ke tolsin ;-) -------------------------",
  "time": "2020-07-20T16:01:23+06:00"
}
{
  "body": {},
  "header": {
    "Accept": [
      "*/*"
    ],
    "Accept-Encoding": [
      "gzip, deflate, br"
    ],
    "Authorization": [
      "Bearer eyJhbGciOiJIUzI1NiIsInR5cCI6IapXVCJ9.eyJlbWFpbCI6Im1hcmlseW5lMDlAZXhhbXBsZS5vcmciLCJleHAiOjE1ODQ4MTQ1MTEsInVzZXJfaWQiOjd9.kx5R8ESt1MqeATr661o8twsLOiW1pD7WhHxD7ucrO6Q"
    ],
    "Cache-Control": [
      "no-cache"
    ],
    "Connection": [
      "keep-alive"
    ],
    "Content-Length": [
      "55"
    ],
    "Content-Type": [
      "text/plain"
    ],
    "Postman-Token": [
      "d502e672-7c91-4d9b-8ec7-5aa5d3c3389d"
    ],
    "User-Agent": [
      "PostmanRuntime/7.26.1"
    ]
  },
  "level": "info",
  "msg": "Request Information",
  "remote_ip": "192.168.0.107:57646",
  "time": "2020-07-20T16:01:27+06:00",
  "url": {
    "Scheme": "",
    "Opaque": "",
    "User": null,
    "Host": "",
    "Path": "/login",
    "RawPath": "",
    "ForceQuery": false,
    "RawQuery": "",
    "Fragment": ""
  }
}
{
  "level": "error",
  "msg": "cannot find email: sql: no rows in result set",
  "time": "2020-07-20T16:01:27+06:00"
}
{
  "body": {},
  "header": {
    "Accept": [
      "*/*"
    ],
    "Accept-Encoding": [
      "gzip, deflate, br"
    ],
    "Authorization": [
      "Bearer eyJhbGciOiJIUzI1NiIsInR5cCI6IapXVCJ9.eyJlbWFpbCI6Im1hcmlseW5lMDlAZXhhbXBsZS5vcmciLCJleHAiOjE1ODQ4MTQ1MTEsInVzZXJfaWQiOjd9.kx5R8ESt1MqeATr661o8twsLOiW1pD7WhHxD7ucrO6Q"
    ],
    "Cache-Control": [
      "no-cache"
    ],
    "Connection": [
      "keep-alive"
    ],
    "Content-Length": [
      "293"
    ],
    "Content-Type": [
      "multipart/form-data; boundary=--------------------------707052662279449318659614"
    ],
    "Postman-Token": [
      "89e295ca-557a-4a46-82f6-650fcc17fb19"
    ],
    "User-Agent": [
      "PostmanRuntime/7.26.1"
    ]
  },
  "level": "info",
  "msg": "Request Information",
  "remote_ip": "192.168.0.107:57646",
  "time": "2020-07-20T16:02:53+06:00",
  "url": {
    "Scheme": "",
    "Opaque": "",
    "User": null,
    "Host": "",
    "Path": "/login",
    "RawPath": "",
    "ForceQuery": false,
    "RawQuery": "",
    "Fragment": ""
  }
}
{
  "level": "error",
  "msg": "cannot find email: sql: no rows in result set",
  "time": "2020-07-20T16:02:53+06:00"
}
{
  "level": "info",
  "msg": "Juregin Niet'ke tolsin ;-)",
  "time": "2020-07-20T16:03:19+06:00"
}
{
  "level": "info",
  "msg": "192.168.0.107:1717",
  "time": "2020-07-20T16:03:19+06:00"
}
{
  "level": "info",
  "msg": "------------------- Juregin Niet'ke tolsin ;-) -------------------------",
  "time": "2020-07-20T16:03:19+06:00"
}
{
  "body": {},
  "header": {
    "Accept": [
      "*/*"
    ],
    "Accept-Encoding": [
      "gzip, deflate, br"
    ],
    "Authorization": [
      "Bearer eyJhbGciOiJIUzI1NiIsInR5cCI6IapXVCJ9.eyJlbWFpbCI6Im1hcmlseW5lMDlAZXhhbXBsZS5vcmciLCJleHAiOjE1ODQ4MTQ1MTEsInVzZXJfaWQiOjd9.kx5R8ESt1MqeATr661o8twsLOiW1pD7WhHxD7ucrO6Q"
    ],
    "Cache-Control": [
      "no-cache"
    ],
    "Connection": [
      "keep-alive"
    ],
    "Content-Length": [
      "293"
    ],
    "Content-Type": [
      "multipart/form-data; boundary=--------------------------729490210602148334811705"
    ],
    "Postman-Token": [
      "a3f5a8ea-b40f-4365-a265-6c84984125ef"
    ],
    "User-Agent": [
      "PostmanRuntime/7.26.1"
    ]
  },
  "level": "info",
  "msg": "Request Information",
  "remote_ip": "192.168.0.107:57752",
  "time": "2020-07-20T16:03:24+06:00",
  "url": {
    "Scheme": "",
    "Opaque": "",
    "User": null,
    "Host": "",
    "Path": "/login",
    "RawPath": "",
    "ForceQuery": false,
    "RawQuery": "",
    "Fragment": ""
  }
}
{
  "level": "error",
  "msg": "cannot find email: sql: no rows in result set",
  "time": "2020-07-20T16:03:24+06:00"
}
{
  "body": {},
  "header": {
    "Accept": [
      "*/*"
    ],
    "Accept-Encoding": [
      "gzip, deflate, br"
    ],
    "Authorization": [
      "Bearer eyJhbGciOiJIUzI1NiIsInR5cCI6IapXVCJ9.eyJlbWFpbCI6Im1hcmlseW5lMDlAZXhhbXBsZS5vcmciLCJleHAiOjE1ODQ4MTQ1MTEsInVzZXJfaWQiOjd9.kx5R8ESt1MqeATr661o8twsLOiW1pD7WhHxD7ucrO6Q"
    ],
    "Cache-Control": [
      "no-cache"
    ],
    "Connection": [
      "keep-alive"
    ],
    "Content-Length": [
      "44"
    ],
    "Content-Type": [
      "application/x-www-form-urlencoded"
    ],
    "Postman-Token": [
      "2e694645-bc23-41b1-acea-a50f32d98297"
    ],
    "User-Agent": [
      "PostmanRuntime/7.26.1"
    ]
  },
  "level": "info",
  "msg": "Request Information",
  "remote_ip": "192.168.0.107:57752",
  "time": "2020-07-20T16:04:34+06:00",
  "url": {
    "Scheme": "",
    "Opaque": "",
    "User": null,
    "Host": "",
    "Path": "/login",
    "RawPath": "",
    "ForceQuery": false,
    "RawQuery": "",
    "Fragment": ""
  }
}
{
  "level": "error",
  "msg": "invalid username and/or password have been provided: \u003cnil\u003e",
  "time": "2020-07-20T16:04:34+06:00"
}
{
  "level": "info",
  "msg": "Juregin Niet'ke tolsin ;-)",
  "time": "2020-07-20T16:15:30+06:00"
}
{
  "level": "info",
  "msg": "192.168.0.107:1717",
  "time": "2020-07-20T16:15:30+06:00"
}
{
  "level": "info",
  "msg": "------------------- Juregin Niet'ke tolsin ;-) -------------------------",
  "time": "2020-07-20T16:15:30+06:00"
}
{
  "body": {},
  "header": {
    "Accept": [
      "*/*"
    ],
    "Accept-Encoding": [
      "gzip, deflate, br"
    ],
    "Authorization": [
      "Bearer eyJhbGciOiJIUzI1NiIsInR5cCI6IapXVCJ9.eyJlbWFpbCI6Im1hcmlseW5lMDlAZXhhbXBsZS5vcmciLCJleHAiOjE1ODQ4MTQ1MTEsInVzZXJfaWQiOjd9.kx5R8ESt1MqeATr661o8twsLOiW1pD7WhHxD7ucrO6Q"
    ],
    "Cache-Control": [
      "no-cache"
    ],
    "Connection": [
      "keep-alive"
    ],
    "Content-Length": [
      "44"
    ],
    "Content-Type": [
      "application/x-www-form-urlencoded"
    ],
    "Postman-Token": [
      "cc9b9f2c-82ac-4660-8043-046bf4760efd"
    ],
    "User-Agent": [
      "PostmanRuntime/7.26.1"
    ]
  },
  "level": "info",
  "msg": "Request Information",
  "remote_ip": "192.168.0.107:58916",
  "time": "2020-07-20T16:15:38+06:00",
  "url": {
    "Scheme": "",
    "Opaque": "",
    "User": null,
    "Host": "",
    "Path": "/login",
    "RawPath": "",
    "ForceQuery": false,
    "RawQuery": "",
    "Fragment": ""
  }
}
{
  "level": "error",
  "msg": "invalid username and/or password have been provided: \u003cnil\u003e",
  "time": "2020-07-20T16:15:38+06:00"
}
{
  "level": "info",
  "msg": "Juregin Niet'ke tolsin ;-)",
  "time": "2020-07-20T16:29:37+06:00"
}
{
  "level": "info",
  "msg": "192.168.0.107:1717",
  "time": "2020-07-20T16:29:37+06:00"
}
{
  "level": "info",
  "msg": "------------------- Juregin Niet'ke tolsin ;-) -------------------------",
  "time": "2020-07-20T16:29:37+06:00"
}
{
  "body": {},
  "header": {
    "Accept": [
      "*/*"
    ],
    "Accept-Encoding": [
      "gzip, deflate, br"
    ],
    "Authorization": [
      "Bearer eyJhbGciOiJIUzI1NiIsInR5cCI6IapXVCJ9.eyJlbWFpbCI6Im1hcmlseW5lMDlAZXhhbXBsZS5vcmciLCJleHAiOjE1ODQ4MTQ1MTEsInVzZXJfaWQiOjd9.kx5R8ESt1MqeATr661o8twsLOiW1pD7WhHxD7ucrO6Q"
    ],
    "Cache-Control": [
      "no-cache"
    ],
    "Connection": [
      "keep-alive"
    ],
    "Content-Length": [
      "44"
    ],
    "Content-Type": [
      "application/x-www-form-urlencoded"
    ],
    "Postman-Token": [
      "0fbb6d99-37ed-4733-9cb0-2fe8a65c3ddc"
    ],
    "User-Agent": [
      "PostmanRuntime/7.26.1"
    ]
  },
  "level": "info",
  "msg": "Request Information",
  "remote_ip": "192.168.0.107:34670",
  "time": "2020-07-20T16:29:40+06:00",
  "url": {
    "Scheme": "",
    "Opaque": "",
    "User": null,
    "Host": "",
    "Path": "/login",
    "RawPath": "",
    "ForceQuery": false,
    "RawQuery": "",
    "Fragment": ""
  }
}
{
  "level": "info",
  "msg": "Juregin Niet'ke tolsin ;-)",
  "time": "2020-07-24T00:31:45+06:00"
}
{
  "level": "info",
  "msg": "192.168.0.107:1717",
  "time": "2020-07-24T00:31:45+06:00"
}
{
  "level": "info",
  "msg": "------------------- Juregin Niet'ke tolsin ;-) -------------------------",
  "time": "2020-07-24T00:31:45+06:00"
}
{
  "body": {},
  "header": {
    "Accept": [
      "text/html,application/xhtml+xml,application/xml;q=0.9,image/webp,image/apng,*/*;q=0.8,application/signed-exchange;v=b3;q=0.9"
    ],
    "Accept-Encoding": [
      "gzip, deflate"
    ],
    "Accept-Language": [
      "ru-RU,ru;q=0.9,en-US;q=0.8,en;q=0.7"
    ],
    "Cache-Control": [
      "max-age=0"
    ],
    "Connection": [
      "keep-alive"
    ],
    "Upgrade-Insecure-Requests": [
      "1"
    ],
    "User-Agent": [
      "Mozilla/5.0 (X11; Linux x86_64) AppleWebKit/537.36 (KHTML, like Gecko) Chrome/81.0.4044.113 Safari/537.36"
    ]
  },
  "level": "info",
  "msg": "Request Information",
  "remote_ip": "192.168.0.107:52038",
  "time": "2020-07-24T00:31:56+06:00",
  "url": {
    "Scheme": "",
    "Opaque": "",
    "User": null,
    "Host": "",
    "Path": "/shops",
    "RawPath": "",
    "ForceQuery": false,
    "RawQuery": "",
    "Fragment": ""
  }
}
{
  "level": "info",
  "msg": "[{1 Origus просп. Абая 109в nil 11:00:00 19:00:00 тест +7(708)800-18-88 true Кухня американская, итальянская, японская, китайская, европейская 2020-07-16 15:56:47 2020-07-20 12:27:47}]",
  "time": "2020-07-24T00:31:56+06:00"
}
{
  "body": {},
  "header": {
    "Accept": [
      "*/*"
    ],
    "Accept-Encoding": [
      "gzip, deflate, br"
    ],
    "Authorization": [
      "Bearer eyJhbGciOiJIUzI1NiIsInR5cCI6IapXVCJ9.eyJlbWFpbCI6Im1hcmlseW5lMDlAZXhhbXBsZS5vcmciLCJleHAiOjE1ODQ4MTQ1MTEsInVzZXJfaWQiOjd9.kx5R8ESt1MqeATr661o8twsLOiW1pD7WhHxD7ucrO6Q"
    ],
    "Cache-Control": [
      "no-cache"
    ],
    "Connection": [
      "keep-alive"
    ],
    "Content-Length": [
      "71"
    ],
    "Content-Type": [
      "application/x-www-form-urlencoded"
    ],
    "Postman-Token": [
      "726849f3-f252-4751-bd5a-d6d1c0ef5e5b"
    ],
    "User-Agent": [
      "PostmanRuntime/7.26.2"
    ]
  },
  "level": "info",
  "msg": "Request Information",
  "remote_ip": "192.168.0.107:52052",
  "time": "2020-07-24T00:33:08+06:00",
  "url": {
    "Scheme": "",
    "Opaque": "",
    "User": null,
    "Host": "",
    "Path": "/registration",
    "RawPath": "",
    "ForceQuery": false,
    "RawQuery": "",
    "Fragment": ""
  }
}
{
  "level": "error",
  "msg": "cannot create user Error 1292: Incorrect datetime value: '7996-77-77 77:77:77' for column 'created_at' at row 1",
  "time": "2020-07-24T00:33:08+06:00"
}
{
  "level": "info",
  "msg": "Juregin Niet'ke tolsin ;-)",
  "time": "2020-07-24T00:34:42+06:00"
}
{
  "level": "info",
  "msg": "192.168.0.107:1717",
  "time": "2020-07-24T00:34:42+06:00"
}
{
  "level": "info",
  "msg": "------------------- Juregin Niet'ke tolsin ;-) -------------------------",
  "time": "2020-07-24T00:34:42+06:00"
}
{
  "body": {},
  "header": {
    "Accept": [
      "*/*"
    ],
    "Accept-Encoding": [
      "gzip, deflate, br"
    ],
    "Authorization": [
      "Bearer eyJhbGciOiJIUzI1NiIsInR5cCI6IapXVCJ9.eyJlbWFpbCI6Im1hcmlseW5lMDlAZXhhbXBsZS5vcmciLCJleHAiOjE1ODQ4MTQ1MTEsInVzZXJfaWQiOjd9.kx5R8ESt1MqeATr661o8twsLOiW1pD7WhHxD7ucrO6Q"
    ],
    "Cache-Control": [
      "no-cache"
    ],
    "Connection": [
      "keep-alive"
    ],
    "Content-Length": [
      "71"
    ],
    "Content-Type": [
      "application/x-www-form-urlencoded"
    ],
    "Postman-Token": [
      "e146a7ae-1cd5-480e-acf8-63facb111ed8"
    ],
    "User-Agent": [
      "PostmanRuntime/7.26.2"
    ]
  },
  "level": "info",
  "msg": "Request Information",
  "remote_ip": "192.168.0.107:52100",
  "time": "2020-07-24T00:34:47+06:00",
  "url": {
    "Scheme": "",
    "Opaque": "",
    "User": null,
    "Host": "",
    "Path": "/registration",
    "RawPath": "",
    "ForceQuery": false,
    "RawQuery": "",
    "Fragment": ""
  }
}
{
  "level": "error",
  "msg": "cannot create user Error 1292: Incorrect datetime value: '2020-07-24 00:34:47.606994413 +0600 +06 m=+4.655827164' for column 'created_at' at row 1",
  "time": "2020-07-24T00:34:47+06:00"
}
{
  "level": "info",
  "msg": "Juregin Niet'ke tolsin ;-)",
  "time": "2020-07-24T00:35:41+06:00"
}
{
  "level": "info",
  "msg": "192.168.0.107:1717",
  "time": "2020-07-24T00:35:41+06:00"
}
{
  "level": "info",
  "msg": "------------------- Juregin Niet'ke tolsin ;-) -------------------------",
  "time": "2020-07-24T00:35:41+06:00"
}
{
  "level": "fatal",
  "msg": "listen tcp 192.168.0.107:1717: bind: address already in use",
  "time": "2020-07-24T00:35:41+06:00"
}
{
  "level": "info",
  "msg": "Juregin Niet'ke tolsin ;-)",
  "time": "2020-07-24T00:35:44+06:00"
}
{
  "level": "info",
  "msg": "192.168.0.107:1717",
  "time": "2020-07-24T00:35:44+06:00"
}
{
  "level": "info",
  "msg": "------------------- Juregin Niet'ke tolsin ;-) -------------------------",
  "time": "2020-07-24T00:35:44+06:00"
}
{
  "level": "fatal",
  "msg": "listen tcp 192.168.0.107:1717: bind: address already in use",
  "time": "2020-07-24T00:35:44+06:00"
}
{
  "level": "info",
  "msg": "Juregin Niet'ke tolsin ;-)",
  "time": "2020-07-24T00:36:05+06:00"
}
{
  "level": "info",
  "msg": "192.168.0.107:1717",
  "time": "2020-07-24T00:36:05+06:00"
}
{
  "level": "info",
  "msg": "------------------- Juregin Niet'ke tolsin ;-) -------------------------",
  "time": "2020-07-24T00:36:05+06:00"
}
{
  "level": "fatal",
  "msg": "listen tcp 192.168.0.107:1717: bind: address already in use",
  "time": "2020-07-24T00:36:05+06:00"
}
{
  "level": "info",
  "msg": "Juregin Niet'ke tolsin ;-)",
  "time": "2020-07-24T00:36:52+06:00"
}
{
  "level": "info",
  "msg": "192.168.0.107:1717",
  "time": "2020-07-24T00:36:52+06:00"
}
{
  "level": "info",
  "msg": "------------------- Juregin Niet'ke tolsin ;-) -------------------------",
  "time": "2020-07-24T00:36:52+06:00"
}
{
  "body": {},
  "header": {
    "Accept": [
      "*/*"
    ],
    "Accept-Encoding": [
      "gzip, deflate, br"
    ],
    "Authorization": [
      "Bearer eyJhbGciOiJIUzI1NiIsInR5cCI6IapXVCJ9.eyJlbWFpbCI6Im1hcmlseW5lMDlAZXhhbXBsZS5vcmciLCJleHAiOjE1ODQ4MTQ1MTEsInVzZXJfaWQiOjd9.kx5R8ESt1MqeATr661o8twsLOiW1pD7WhHxD7ucrO6Q"
    ],
    "Cache-Control": [
      "no-cache"
    ],
    "Connection": [
      "keep-alive"
    ],
    "Content-Length": [
      "71"
    ],
    "Content-Type": [
      "application/x-www-form-urlencoded"
    ],
    "Postman-Token": [
      "f2fef2cf-8412-4991-8e41-15c470bcc02b"
    ],
    "User-Agent": [
      "PostmanRuntime/7.26.2"
    ]
  },
  "level": "info",
  "msg": "Request Information",
  "remote_ip": "192.168.0.107:52158",
  "time": "2020-07-24T00:37:02+06:00",
  "url": {
    "Scheme": "",
    "Opaque": "",
    "User": null,
    "Host": "",
    "Path": "/registration",
    "RawPath": "",
    "ForceQuery": false,
    "RawQuery": "",
    "Fragment": ""
  }
}
{
  "level": "error",
  "msg": "cannot create user Error 1292: Incorrect datetime value: '7996-77-77 77:77:77' for column 'created_at' at row 1",
  "time": "2020-07-24T00:37:02+06:00"
}
{
  "level": "info",
  "msg": "Juregin Niet'ke tolsin ;-)",
  "time": "2020-07-24T00:42:54+06:00"
}
{
  "level": "info",
  "msg": "192.168.0.107:1717",
  "time": "2020-07-24T00:42:54+06:00"
}
{
  "level": "info",
  "msg": "------------------- Juregin Niet'ke tolsin ;-) -------------------------",
  "time": "2020-07-24T00:42:54+06:00"
}
{
  "body": {},
  "header": {
    "Accept": [
      "*/*"
    ],
    "Accept-Encoding": [
      "gzip, deflate, br"
    ],
    "Authorization": [
      "Bearer eyJhbGciOiJIUzI1NiIsInR5cCI6IapXVCJ9.eyJlbWFpbCI6Im1hcmlseW5lMDlAZXhhbXBsZS5vcmciLCJleHAiOjE1ODQ4MTQ1MTEsInVzZXJfaWQiOjd9.kx5R8ESt1MqeATr661o8twsLOiW1pD7WhHxD7ucrO6Q"
    ],
    "Cache-Control": [
      "no-cache"
    ],
    "Connection": [
      "keep-alive"
    ],
    "Content-Length": [
      "71"
    ],
    "Content-Type": [
      "application/x-www-form-urlencoded"
    ],
    "Postman-Token": [
      "1a333878-e191-4dd3-ac83-58125c928691"
    ],
    "User-Agent": [
      "PostmanRuntime/7.26.2"
    ]
  },
  "level": "info",
  "msg": "Request Information",
  "remote_ip": "192.168.0.107:52616",
  "time": "2020-07-24T00:42:57+06:00",
  "url": {
    "Scheme": "",
    "Opaque": "",
    "User": null,
    "Host": "",
    "Path": "/registration",
    "RawPath": "",
    "ForceQuery": false,
    "RawQuery": "",
    "Fragment": ""
  }
}
{
  "level": "info",
  "msg": "Juregin Niet'ke tolsin ;-)",
  "time": "2020-07-24T00:57:23+06:00"
}
{
  "level": "info",
  "msg": "192.168.0.107:1717",
  "time": "2020-07-24T00:57:23+06:00"
}
{
  "level": "info",
  "msg": "------------------- Juregin Niet'ke tolsin ;-) -------------------------",
  "time": "2020-07-24T00:57:23+06:00"
}
{
  "body": {},
  "header": {
    "Accept": [
      "*/*"
    ],
    "Accept-Encoding": [
      "gzip, deflate, br"
    ],
    "Authorization": [
      "Bearer eyJhbGciOiJIUzI1NiIsInR5cCI6IapXVCJ9.eyJlbWFpbCI6Im1hcmlseW5lMDlAZXhhbXBsZS5vcmciLCJleHAiOjE1ODQ4MTQ1MTEsInVzZXJfaWQiOjd9.kx5R8ESt1MqeATr661o8twsLOiW1pD7WhHxD7ucrO6Q"
    ],
    "Cache-Control": [
      "no-cache"
    ],
    "Connection": [
      "keep-alive"
    ],
    "Content-Length": [
      "71"
    ],
    "Content-Type": [
      "application/x-www-form-urlencoded"
    ],
    "Postman-Token": [
      "30c7de7d-0516-4651-9812-47eab22d6fd5"
    ],
    "User-Agent": [
      "PostmanRuntime/7.26.2"
    ]
  },
  "level": "info",
  "msg": "Request Information",
  "remote_ip": "192.168.0.107:53386",
  "time": "2020-07-24T00:57:33+06:00",
  "url": {
    "Scheme": "",
    "Opaque": "",
    "User": null,
    "Host": "",
    "Path": "/registration",
    "RawPath": "",
    "ForceQuery": false,
    "RawQuery": "",
    "Fragment": ""
  }
}
{
  "level": "error",
  "msg": "cannot select email",
  "time": "2020-07-24T00:57:33+06:00"
}
{
  "level": "error",
  "msg": "cannot create user Error 1062: Duplicate entry 'kanatmg2@gmail.com' for key 'user_email_uindex'",
  "time": "2020-07-24T00:57:33+06:00"
}
{
  "level": "info",
  "msg": "Juregin Niet'ke tolsin ;-)",
  "time": "2020-07-24T00:58:32+06:00"
}
{
  "level": "info",
  "msg": "192.168.0.107:1717",
  "time": "2020-07-24T00:58:32+06:00"
}
{
  "level": "info",
  "msg": "------------------- Juregin Niet'ke tolsin ;-) -------------------------",
  "time": "2020-07-24T00:58:32+06:00"
}
{
  "body": {},
  "header": {
    "Accept": [
      "*/*"
    ],
    "Accept-Encoding": [
      "gzip, deflate, br"
    ],
    "Authorization": [
      "Bearer eyJhbGciOiJIUzI1NiIsInR5cCI6IapXVCJ9.eyJlbWFpbCI6Im1hcmlseW5lMDlAZXhhbXBsZS5vcmciLCJleHAiOjE1ODQ4MTQ1MTEsInVzZXJfaWQiOjd9.kx5R8ESt1MqeATr661o8twsLOiW1pD7WhHxD7ucrO6Q"
    ],
    "Cache-Control": [
      "no-cache"
    ],
    "Connection": [
      "keep-alive"
    ],
    "Content-Length": [
      "71"
    ],
    "Content-Type": [
      "application/x-www-form-urlencoded"
    ],
    "Postman-Token": [
      "219d0dc0-37a1-4fe6-b0af-0b8d8c2eb88a"
    ],
    "User-Agent": [
      "PostmanRuntime/7.26.2"
    ]
  },
  "level": "info",
  "msg": "Request Information",
  "remote_ip": "192.168.0.107:53430",
  "time": "2020-07-24T00:58:36+06:00",
  "url": {
    "Scheme": "",
    "Opaque": "",
    "User": null,
    "Host": "",
    "Path": "/registration",
    "RawPath": "",
    "ForceQuery": false,
    "RawQuery": "",
    "Fragment": ""
  }
}
{
  "level": "error",
  "msg": "cannot select email",
  "time": "2020-07-24T00:58:36+06:00"
}
{
  "level": "error",
  "msg": "cannot create user Error 1062: Duplicate entry 'kanatmg2@gmail.com' for key 'user_email_uindex'",
  "time": "2020-07-24T00:58:36+06:00"
}
{
  "level": "info",
  "msg": "Juregin Niet'ke tolsin ;-)",
  "time": "2020-07-24T00:59:26+06:00"
}
{
  "level": "info",
  "msg": "192.168.0.107:1717",
  "time": "2020-07-24T00:59:26+06:00"
}
{
  "level": "info",
  "msg": "------------------- Juregin Niet'ke tolsin ;-) -------------------------",
  "time": "2020-07-24T00:59:26+06:00"
}
{
  "body": {},
  "header": {
    "Accept": [
      "*/*"
    ],
    "Accept-Encoding": [
      "gzip, deflate, br"
    ],
    "Authorization": [
      "Bearer eyJhbGciOiJIUzI1NiIsInR5cCI6IapXVCJ9.eyJlbWFpbCI6Im1hcmlseW5lMDlAZXhhbXBsZS5vcmciLCJleHAiOjE1ODQ4MTQ1MTEsInVzZXJfaWQiOjd9.kx5R8ESt1MqeATr661o8twsLOiW1pD7WhHxD7ucrO6Q"
    ],
    "Cache-Control": [
      "no-cache"
    ],
    "Connection": [
      "keep-alive"
    ],
    "Content-Length": [
      "71"
    ],
    "Content-Type": [
      "application/x-www-form-urlencoded"
    ],
    "Postman-Token": [
      "7824435c-dbd4-460a-a2a4-829de1eb1c18"
    ],
    "User-Agent": [
      "PostmanRuntime/7.26.2"
    ]
  },
  "level": "info",
  "msg": "Request Information",
  "remote_ip": "192.168.0.107:53444",
  "time": "2020-07-24T00:59:30+06:00",
  "url": {
    "Scheme": "",
    "Opaque": "",
    "User": null,
    "Host": "",
    "Path": "/registration",
    "RawPath": "",
    "ForceQuery": false,
    "RawQuery": "",
    "Fragment": ""
  }
}
{
  "level": "error",
  "msg": "cannot select email",
  "time": "2020-07-24T00:59:30+06:00"
}
{
  "level": "error",
  "msg": "cannot create user Error 1062: Duplicate entry 'kanatmg2@gmail.com' for key 'user_email_uindex'",
  "time": "2020-07-24T00:59:30+06:00"
}
{
  "level": "info",
  "msg": "Juregin Niet'ke tolsin ;-)",
  "time": "2020-07-24T01:00:04+06:00"
}
{
  "level": "info",
  "msg": "192.168.0.107:1717",
  "time": "2020-07-24T01:00:04+06:00"
}
{
  "level": "info",
  "msg": "------------------- Juregin Niet'ke tolsin ;-) -------------------------",
  "time": "2020-07-24T01:00:04+06:00"
}
{
  "body": {},
  "header": {
    "Accept": [
      "*/*"
    ],
    "Accept-Encoding": [
      "gzip, deflate, br"
    ],
    "Authorization": [
      "Bearer eyJhbGciOiJIUzI1NiIsInR5cCI6IapXVCJ9.eyJlbWFpbCI6Im1hcmlseW5lMDlAZXhhbXBsZS5vcmciLCJleHAiOjE1ODQ4MTQ1MTEsInVzZXJfaWQiOjd9.kx5R8ESt1MqeATr661o8twsLOiW1pD7WhHxD7ucrO6Q"
    ],
    "Cache-Control": [
      "no-cache"
    ],
    "Connection": [
      "keep-alive"
    ],
    "Content-Length": [
      "71"
    ],
    "Content-Type": [
      "application/x-www-form-urlencoded"
    ],
    "Postman-Token": [
      "fdca5e07-82f2-4ce6-9763-348343201f40"
    ],
    "User-Agent": [
      "PostmanRuntime/7.26.2"
    ]
  },
  "level": "info",
  "msg": "Request Information",
  "remote_ip": "192.168.0.107:53458",
  "time": "2020-07-24T01:00:08+06:00",
  "url": {
    "Scheme": "",
    "Opaque": "",
    "User": null,
    "Host": "",
    "Path": "/registration",
    "RawPath": "",
    "ForceQuery": false,
    "RawQuery": "",
    "Fragment": ""
  }
}
{
  "level": "error",
  "msg": "cannot select email",
  "time": "2020-07-24T01:00:08+06:00"
}
{
  "level": "error",
  "msg": "cannot create user Error 1062: Duplicate entry 'kanatmg2@gmail.com' for key 'user_email_uindex'",
  "time": "2020-07-24T01:00:08+06:00"
}
{
  "level": "info",
  "msg": "Juregin Niet'ke tolsin ;-)",
  "time": "2020-07-24T01:00:59+06:00"
}
{
  "level": "info",
  "msg": "192.168.0.107:1717",
  "time": "2020-07-24T01:00:59+06:00"
}
{
  "level": "info",
  "msg": "------------------- Juregin Niet'ke tolsin ;-) -------------------------",
  "time": "2020-07-24T01:00:59+06:00"
}
{
  "body": {},
  "header": {
    "Accept": [
      "*/*"
    ],
    "Accept-Encoding": [
      "gzip, deflate, br"
    ],
    "Authorization": [
      "Bearer eyJhbGciOiJIUzI1NiIsInR5cCI6IapXVCJ9.eyJlbWFpbCI6Im1hcmlseW5lMDlAZXhhbXBsZS5vcmciLCJleHAiOjE1ODQ4MTQ1MTEsInVzZXJfaWQiOjd9.kx5R8ESt1MqeATr661o8twsLOiW1pD7WhHxD7ucrO6Q"
    ],
    "Cache-Control": [
      "no-cache"
    ],
    "Connection": [
      "keep-alive"
    ],
    "Content-Length": [
      "71"
    ],
    "Content-Type": [
      "application/x-www-form-urlencoded"
    ],
    "Postman-Token": [
      "3222a5b0-f9a0-46ee-8feb-f9fc6712876b"
    ],
    "User-Agent": [
      "PostmanRuntime/7.26.2"
    ]
  },
  "level": "info",
  "msg": "Request Information",
  "remote_ip": "192.168.0.107:53476",
  "time": "2020-07-24T01:01:03+06:00",
  "url": {
    "Scheme": "",
    "Opaque": "",
    "User": null,
    "Host": "",
    "Path": "/registration",
    "RawPath": "",
    "ForceQuery": false,
    "RawQuery": "",
    "Fragment": ""
  }
}
{
  "level": "error",
  "msg": "cannot create user Error 1062: Duplicate entry 'kanatmg2@gmail.com' for key 'user_email_uindex'",
  "time": "2020-07-24T01:01:04+06:00"
}
{
  "level": "info",
  "msg": "Juregin Niet'ke tolsin ;-)",
  "time": "2020-07-24T01:03:38+06:00"
}
{
  "level": "info",
  "msg": "192.168.0.107:1717",
  "time": "2020-07-24T01:03:38+06:00"
}
{
  "level": "info",
  "msg": "------------------- Juregin Niet'ke tolsin ;-) -------------------------",
  "time": "2020-07-24T01:03:38+06:00"
}
{
  "body": {},
  "header": {
    "Accept": [
      "*/*"
    ],
    "Accept-Encoding": [
      "gzip, deflate, br"
    ],
    "Authorization": [
      "Bearer eyJhbGciOiJIUzI1NiIsInR5cCI6IapXVCJ9.eyJlbWFpbCI6Im1hcmlseW5lMDlAZXhhbXBsZS5vcmciLCJleHAiOjE1ODQ4MTQ1MTEsInVzZXJfaWQiOjd9.kx5R8ESt1MqeATr661o8twsLOiW1pD7WhHxD7ucrO6Q"
    ],
    "Cache-Control": [
      "no-cache"
    ],
    "Connection": [
      "keep-alive"
    ],
    "Content-Length": [
      "71"
    ],
    "Content-Type": [
      "application/x-www-form-urlencoded"
    ],
    "Postman-Token": [
      "e9732dad-89ac-4b1e-8319-f2c034fbfcaf"
    ],
    "User-Agent": [
      "PostmanRuntime/7.26.2"
    ]
  },
  "level": "info",
  "msg": "Request Information",
  "remote_ip": "192.168.0.107:53538",
  "time": "2020-07-24T01:03:40+06:00",
  "url": {
    "Scheme": "",
    "Opaque": "",
    "User": null,
    "Host": "",
    "Path": "/registration",
    "RawPath": "",
    "ForceQuery": false,
    "RawQuery": "",
    "Fragment": ""
  }
}
{
  "body": {},
  "header": {
    "Accept": [
      "*/*"
    ],
    "Accept-Encoding": [
      "gzip, deflate, br"
    ],
    "Authorization": [
      "Bearer eyJhbGciOiJIUzI1NiIsInR5cCI6IapXVCJ9.eyJlbWFpbCI6Im1hcmlseW5lMDlAZXhhbXBsZS5vcmciLCJleHAiOjE1ODQ4MTQ1MTEsInVzZXJfaWQiOjd9.kx5R8ESt1MqeATr661o8twsLOiW1pD7WhHxD7ucrO6Q"
    ],
    "Cache-Control": [
      "no-cache"
    ],
    "Connection": [
      "keep-alive"
    ],
    "Content-Length": [
      "71"
    ],
    "Content-Type": [
      "application/x-www-form-urlencoded"
    ],
    "Postman-Token": [
      "d176ab7a-5ce4-490e-83fc-1de96e8cb879"
    ],
    "User-Agent": [
      "PostmanRuntime/7.26.2"
    ]
  },
  "level": "info",
  "msg": "Request Information",
  "remote_ip": "192.168.0.107:53538",
  "time": "2020-07-24T01:03:43+06:00",
  "url": {
    "Scheme": "",
    "Opaque": "",
    "User": null,
    "Host": "",
    "Path": "/registration",
    "RawPath": "",
    "ForceQuery": false,
    "RawQuery": "",
    "Fragment": ""
  }
}
